[0.054s] DEBUG:colcon:Command line arguments: ['/usr/bin/colcon', 'build']
[0.054s] DEBUG:colcon:Parsed command line arguments: Namespace(log_base=None, log_level=None, verb_name='build', build_base='build', install_base='install', merge_install=False, symlink_install=False, test_result_base=None, continue_on_error=False, executor='parallel', parallel_workers=16, event_handlers=None, ignore_user_meta=False, metas=['./colcon.meta'], base_paths=['.'], packages_ignore=None, packages_ignore_regex=None, paths=None, packages_up_to=None, packages_up_to_regex=None, packages_above=None, packages_above_and_dependencies=None, packages_above_depth=None, packages_select_by_dep=None, packages_skip_by_dep=None, packages_skip_up_to=None, packages_select_build_failed=False, packages_skip_build_finished=False, packages_select_test_failures=False, packages_skip_test_passed=False, packages_select=None, packages_skip=None, packages_select_regex=None, packages_skip_regex=None, packages_start=None, packages_end=None, allow_overriding=[], cmake_args=None, cmake_target=None, cmake_target_skip_unavailable=False, cmake_clean_cache=False, cmake_clean_first=False, cmake_force_configure=False, ament_cmake_args=None, catkin_cmake_args=None, catkin_skip_building_tests=False, mixin_files=None, mixin=None, verb_parser=<colcon_mixin.mixin.mixin_argument.MixinArgumentDecorator object at 0x703e8def3d30>, verb_extension=<colcon_core.verb.build.BuildVerb object at 0x703e8e0786a0>, main=<bound method BuildVerb.main of <colcon_core.verb.build.BuildVerb object at 0x703e8e0786a0>>, mixin_verb=('build',))
[0.146s] Level 1:colcon.colcon_core.package_discovery:discover_packages(colcon_meta) check parameters
[0.146s] Level 1:colcon.colcon_core.package_discovery:discover_packages(recursive) check parameters
[0.146s] Level 1:colcon.colcon_core.package_discovery:discover_packages(ignore) check parameters
[0.146s] Level 1:colcon.colcon_core.package_discovery:discover_packages(path) check parameters
[0.146s] Level 1:colcon.colcon_core.package_discovery:discover_packages(colcon_meta) discover
[0.146s] Level 1:colcon.colcon_core.package_discovery:discover_packages(recursive) discover
[0.146s] INFO:colcon.colcon_core.package_discovery:Crawling recursively for packages in '/home/hyunseo/human_detection_package'
[0.146s] Level 1:colcon.colcon_core.package_identification:_identify(.) by extensions ['ignore', 'ignore_ament_install']
[0.147s] Level 1:colcon.colcon_core.package_identification:_identify(.) by extension 'ignore'
[0.147s] Level 1:colcon.colcon_core.package_identification:_identify(.) by extension 'ignore_ament_install'
[0.147s] Level 1:colcon.colcon_core.package_identification:_identify(.) by extensions ['colcon_pkg']
[0.147s] Level 1:colcon.colcon_core.package_identification:_identify(.) by extension 'colcon_pkg'
[0.147s] Level 1:colcon.colcon_core.package_identification:_identify(.) by extensions ['colcon_meta']
[0.147s] Level 1:colcon.colcon_core.package_identification:_identify(.) by extension 'colcon_meta'
[0.147s] Level 1:colcon.colcon_core.package_identification:_identify(.) by extensions ['ros']
[0.147s] Level 1:colcon.colcon_core.package_identification:_identify(.) by extension 'ros'
[0.158s] DEBUG:colcon.colcon_core.package_identification:Package '.' with type 'ros.ament_cmake' and name 'human_detection_package'
[0.159s] Level 1:colcon.colcon_core.package_discovery:discover_packages(recursive) using defaults
[0.159s] Level 1:colcon.colcon_core.package_discovery:discover_packages(ignore) discover
[0.159s] Level 1:colcon.colcon_core.package_discovery:discover_packages(ignore) using defaults
[0.159s] Level 1:colcon.colcon_core.package_discovery:discover_packages(path) discover
[0.159s] Level 1:colcon.colcon_core.package_discovery:discover_packages(path) using defaults
[0.169s] Level 1:colcon.colcon_core.package_discovery:discover_packages(prefix_path) check parameters
[0.169s] Level 1:colcon.colcon_core.package_discovery:discover_packages(prefix_path) discover
[0.170s] DEBUG:colcon.colcon_installed_package_information.package_discovery:Found 1 installed packages in /home/hyunseo/human_detection_package/install
[0.170s] DEBUG:colcon.colcon_installed_package_information.package_discovery:Found 345 installed packages in /opt/ros/humble
[0.171s] Level 1:colcon.colcon_core.package_discovery:discover_packages(prefix_path) using defaults
[0.192s] Level 5:colcon.colcon_core.verb:set package 'human_detection_package' build argument 'cmake_args' from command line to 'None'
[0.192s] Level 5:colcon.colcon_core.verb:set package 'human_detection_package' build argument 'cmake_target' from command line to 'None'
[0.192s] Level 5:colcon.colcon_core.verb:set package 'human_detection_package' build argument 'cmake_target_skip_unavailable' from command line to 'False'
[0.192s] Level 5:colcon.colcon_core.verb:set package 'human_detection_package' build argument 'cmake_clean_cache' from command line to 'False'
[0.192s] Level 5:colcon.colcon_core.verb:set package 'human_detection_package' build argument 'cmake_clean_first' from command line to 'False'
[0.192s] Level 5:colcon.colcon_core.verb:set package 'human_detection_package' build argument 'cmake_force_configure' from command line to 'False'
[0.192s] Level 5:colcon.colcon_core.verb:set package 'human_detection_package' build argument 'ament_cmake_args' from command line to 'None'
[0.192s] Level 5:colcon.colcon_core.verb:set package 'human_detection_package' build argument 'catkin_cmake_args' from command line to 'None'
[0.192s] Level 5:colcon.colcon_core.verb:set package 'human_detection_package' build argument 'catkin_skip_building_tests' from command line to 'False'
[0.192s] DEBUG:colcon.colcon_core.verb:Building package 'human_detection_package' with the following arguments: {'ament_cmake_args': None, 'build_base': '/home/hyunseo/human_detection_package/build/human_detection_package', 'catkin_cmake_args': None, 'catkin_skip_building_tests': False, 'cmake_args': None, 'cmake_clean_cache': False, 'cmake_clean_first': False, 'cmake_force_configure': False, 'cmake_target': None, 'cmake_target_skip_unavailable': False, 'install_base': '/home/hyunseo/human_detection_package/install/human_detection_package', 'merge_install': False, 'path': '/home/hyunseo/human_detection_package', 'symlink_install': False, 'test_result_base': None}
[0.192s] INFO:colcon.colcon_core.executor:Executing jobs using 'parallel' executor
[0.192s] DEBUG:colcon.colcon_parallel_executor.executor.parallel:run_until_complete
[0.193s] INFO:colcon.colcon_ros.task.ament_cmake.build:Building ROS package in '/home/hyunseo/human_detection_package' with build type 'ament_cmake'
[0.193s] INFO:colcon.colcon_cmake.task.cmake.build:Building CMake package in '/home/hyunseo/human_detection_package'
[0.194s] INFO:colcon.colcon_core.plugin_system:Skipping extension 'colcon_core.shell.bat': Not used on non-Windows systems
[0.194s] INFO:colcon.colcon_core.shell:Skip shell extension 'powershell' for command environment: Not usable outside of PowerShell
[0.194s] DEBUG:colcon.colcon_core.shell:Skip shell extension 'dsv' for command environment
[0.199s] DEBUG:colcon.colcon_core.event_handler.log_command:Invoking command in '/home/hyunseo/human_detection_package/build/human_detection_package': CMAKE_PREFIX_PATH=${CMAKE_PREFIX_PATH}:/opt/ros/humble /usr/bin/cmake --build /home/hyunseo/human_detection_package/build/human_detection_package -- -j16 -l16
[0.221s] DEBUG:colcon.colcon_core.event_handler.log_command:Invoked command in '/home/hyunseo/human_detection_package/build/human_detection_package' returned '0': CMAKE_PREFIX_PATH=${CMAKE_PREFIX_PATH}:/opt/ros/humble /usr/bin/cmake --build /home/hyunseo/human_detection_package/build/human_detection_package -- -j16 -l16
[0.238s] DEBUG:colcon.colcon_core.event_handler.log_command:Invoking command in '/home/hyunseo/human_detection_package/build/human_detection_package': CMAKE_PREFIX_PATH=${CMAKE_PREFIX_PATH}:/opt/ros/humble /usr/bin/cmake --install /home/hyunseo/human_detection_package/build/human_detection_package
[0.243s] Level 1:colcon.colcon_core.environment:create_environment_scripts_only(human_detection_package)
[0.244s] DEBUG:colcon.colcon_core.event_handler.log_command:Invoked command in '/home/hyunseo/human_detection_package/build/human_detection_package' returned '0': CMAKE_PREFIX_PATH=${CMAKE_PREFIX_PATH}:/opt/ros/humble /usr/bin/cmake --install /home/hyunseo/human_detection_package/build/human_detection_package
[0.245s] Level 1:colcon.colcon_core.environment:checking '/home/hyunseo/human_detection_package/install/human_detection_package' for CMake module files
[0.245s] Level 1:colcon.colcon_core.environment:checking '/home/hyunseo/human_detection_package/install/human_detection_package' for CMake config files
[0.245s] Level 1:colcon.colcon_core.shell:create_environment_hook('human_detection_package', 'cmake_prefix_path')
[0.245s] INFO:colcon.colcon_core.shell:Creating environment hook '/home/hyunseo/human_detection_package/install/human_detection_package/share/human_detection_package/hook/cmake_prefix_path.ps1'
[0.245s] INFO:colcon.colcon_core.shell:Creating environment descriptor '/home/hyunseo/human_detection_package/install/human_detection_package/share/human_detection_package/hook/cmake_prefix_path.dsv'
[0.246s] INFO:colcon.colcon_core.shell:Creating environment hook '/home/hyunseo/human_detection_package/install/human_detection_package/share/human_detection_package/hook/cmake_prefix_path.sh'
[0.246s] Level 1:colcon.colcon_core.environment:checking '/home/hyunseo/human_detection_package/install/human_detection_package/lib'
[0.246s] Level 1:colcon.colcon_core.environment:checking '/home/hyunseo/human_detection_package/install/human_detection_package/bin'
[0.246s] Level 1:colcon.colcon_core.environment:checking '/home/hyunseo/human_detection_package/install/human_detection_package/lib/pkgconfig/human_detection_package.pc'
[0.246s] Level 1:colcon.colcon_core.environment:checking '/home/hyunseo/human_detection_package/install/human_detection_package/lib/python3.10/site-packages'
[0.246s] Level 1:colcon.colcon_core.environment:checking '/home/hyunseo/human_detection_package/install/human_detection_package/bin'
[0.246s] INFO:colcon.colcon_core.shell:Creating package script '/home/hyunseo/human_detection_package/install/human_detection_package/share/human_detection_package/package.ps1'
[0.247s] INFO:colcon.colcon_core.shell:Creating package descriptor '/home/hyunseo/human_detection_package/install/human_detection_package/share/human_detection_package/package.dsv'
[0.247s] INFO:colcon.colcon_core.shell:Creating package script '/home/hyunseo/human_detection_package/install/human_detection_package/share/human_detection_package/package.sh'
[0.247s] INFO:colcon.colcon_core.shell:Creating package script '/home/hyunseo/human_detection_package/install/human_detection_package/share/human_detection_package/package.bash'
[0.247s] INFO:colcon.colcon_core.shell:Creating package script '/home/hyunseo/human_detection_package/install/human_detection_package/share/human_detection_package/package.zsh'
[0.248s] Level 1:colcon.colcon_core.environment:create_file_with_runtime_dependencies(/home/hyunseo/human_detection_package/install/human_detection_package/share/colcon-core/packages/human_detection_package)
[0.258s] Level 1:colcon.colcon_core.environment:create_environment_scripts_only(human_detection_package)
[0.259s] Level 1:colcon.colcon_core.environment:checking '/home/hyunseo/human_detection_package/install/human_detection_package' for CMake module files
[0.259s] Level 1:colcon.colcon_core.environment:checking '/home/hyunseo/human_detection_package/install/human_detection_package' for CMake config files
[0.259s] Level 1:colcon.colcon_core.shell:create_environment_hook('human_detection_package', 'cmake_prefix_path')
[0.259s] INFO:colcon.colcon_core.shell:Creating environment hook '/home/hyunseo/human_detection_package/install/human_detection_package/share/human_detection_package/hook/cmake_prefix_path.ps1'
[0.259s] INFO:colcon.colcon_core.shell:Creating environment descriptor '/home/hyunseo/human_detection_package/install/human_detection_package/share/human_detection_package/hook/cmake_prefix_path.dsv'
[0.259s] INFO:colcon.colcon_core.shell:Creating environment hook '/home/hyunseo/human_detection_package/install/human_detection_package/share/human_detection_package/hook/cmake_prefix_path.sh'
[0.260s] Level 1:colcon.colcon_core.environment:checking '/home/hyunseo/human_detection_package/install/human_detection_package/lib'
[0.260s] Level 1:colcon.colcon_core.environment:checking '/home/hyunseo/human_detection_package/install/human_detection_package/bin'
[0.260s] Level 1:colcon.colcon_core.environment:checking '/home/hyunseo/human_detection_package/install/human_detection_package/lib/pkgconfig/human_detection_package.pc'
[0.260s] Level 1:colcon.colcon_core.environment:checking '/home/hyunseo/human_detection_package/install/human_detection_package/lib/python3.10/site-packages'
[0.260s] Level 1:colcon.colcon_core.environment:checking '/home/hyunseo/human_detection_package/install/human_detection_package/bin'
[0.260s] INFO:colcon.colcon_core.shell:Creating package script '/home/hyunseo/human_detection_package/install/human_detection_package/share/human_detection_package/package.ps1'
[0.260s] INFO:colcon.colcon_core.shell:Creating package descriptor '/home/hyunseo/human_detection_package/install/human_detection_package/share/human_detection_package/package.dsv'
[0.260s] INFO:colcon.colcon_core.shell:Creating package script '/home/hyunseo/human_detection_package/install/human_detection_package/share/human_detection_package/package.sh'
[0.261s] INFO:colcon.colcon_core.shell:Creating package script '/home/hyunseo/human_detection_package/install/human_detection_package/share/human_detection_package/package.bash'
[0.261s] INFO:colcon.colcon_core.shell:Creating package script '/home/hyunseo/human_detection_package/install/human_detection_package/share/human_detection_package/package.zsh'
[0.261s] Level 1:colcon.colcon_core.environment:create_file_with_runtime_dependencies(/home/hyunseo/human_detection_package/install/human_detection_package/share/colcon-core/packages/human_detection_package)
[0.261s] DEBUG:colcon.colcon_parallel_executor.executor.parallel:closing loop
[0.261s] DEBUG:colcon.colcon_parallel_executor.executor.parallel:loop closed
[0.261s] DEBUG:colcon.colcon_parallel_executor.executor.parallel:run_until_complete finished with '0'
[0.261s] DEBUG:colcon.colcon_core.event_reactor:joining thread
[0.265s] INFO:colcon.colcon_core.plugin_system:Skipping extension 'colcon_notification.desktop_notification.terminal_notifier': Not used on non-Darwin systems
[0.265s] INFO:colcon.colcon_core.plugin_system:Skipping extension 'colcon_notification.desktop_notification.win32': Not used on non-Windows systems
[0.265s] INFO:colcon.colcon_notification.desktop_notification:Sending desktop notification using 'notify2'
[0.272s] DEBUG:colcon.colcon_core.event_reactor:joined thread
[0.272s] INFO:colcon.colcon_core.shell:Creating prefix script '/home/hyunseo/human_detection_package/install/local_setup.ps1'
[0.273s] INFO:colcon.colcon_core.shell:Creating prefix util module '/home/hyunseo/human_detection_package/install/_local_setup_util_ps1.py'
[0.274s] INFO:colcon.colcon_core.shell:Creating prefix chain script '/home/hyunseo/human_detection_package/install/setup.ps1'
[0.275s] INFO:colcon.colcon_core.shell:Creating prefix script '/home/hyunseo/human_detection_package/install/local_setup.sh'
[0.276s] INFO:colcon.colcon_core.shell:Creating prefix util module '/home/hyunseo/human_detection_package/install/_local_setup_util_sh.py'
[0.276s] INFO:colcon.colcon_core.shell:Creating prefix chain script '/home/hyunseo/human_detection_package/install/setup.sh'
[0.277s] INFO:colcon.colcon_core.shell:Creating prefix script '/home/hyunseo/human_detection_package/install/local_setup.bash'
[0.277s] INFO:colcon.colcon_core.shell:Creating prefix chain script '/home/hyunseo/human_detection_package/install/setup.bash'
[0.278s] INFO:colcon.colcon_core.shell:Creating prefix script '/home/hyunseo/human_detection_package/install/local_setup.zsh'
[0.278s] INFO:colcon.colcon_core.shell:Creating prefix chain script '/home/hyunseo/human_detection_package/install/setup.zsh'
