[0.005s] Invoking command in '/home/hyunseo/human_detection_package/build/human_detection_package': CMAKE_PREFIX_PATH=/opt/ros/humble /usr/bin/cmake /home/hyunseo/human_detection_package -DCMAKE_INSTALL_PREFIX=/home/hyunseo/human_detection_package/install/human_detection_package
[0.033s] -- The C compiler identification is GNU 11.4.0
[0.063s] -- The CXX compiler identification is GNU 11.4.0
[0.068s] -- Detecting C compiler ABI info
[0.099s] -- Detecting C compiler ABI info - done
[0.108s] -- Check for working C compiler: /usr/lib/ccache/gcc - skipped
[0.109s] -- Detecting C compile features
[0.109s] -- Detecting C compile features - done
[0.112s] -- Detecting CXX compiler ABI info
[0.147s] -- Detecting CXX compiler ABI info - done
[0.150s] -- Check for working CXX compiler: /usr/lib/ccache/g++ - skipped
[0.151s] -- Detecting CXX compile features
[0.151s] -- Detecting CXX compile features - done
[0.152s] -- Found ament_cmake: 1.3.9 (/opt/ros/humble/share/ament_cmake/cmake)
[0.230s] -- Found Python3: /usr/bin/python3 (found version "3.10.12") found components: Interpreter 
[0.272s] -- Found rclpy: 3.3.13 (/opt/ros/humble/share/rclpy/cmake)
[0.273s] -- Found sensor_msgs: 4.2.3 (/opt/ros/humble/share/sensor_msgs/cmake)
[0.289s] -- Found rosidl_generator_c: 3.1.5 (/opt/ros/humble/share/rosidl_generator_c/cmake)
[0.292s] -- Found rosidl_adapter: 3.1.5 (/opt/ros/humble/share/rosidl_adapter/cmake)
[0.296s] -- Found rosidl_generator_cpp: 3.1.5 (/opt/ros/humble/share/rosidl_generator_cpp/cmake)
[0.302s] -- Using all available rosidl_typesupport_c: rosidl_typesupport_fastrtps_c;rosidl_typesupport_introspection_c
[0.312s] -- Using all available rosidl_typesupport_cpp: rosidl_typesupport_fastrtps_cpp;rosidl_typesupport_introspection_cpp
[0.419s] -- Found visualization_msgs: 4.2.3 (/opt/ros/humble/share/visualization_msgs/cmake)
[0.481s] -- Found pcl_conversions: 2.4.0 (/opt/ros/humble/share/pcl_conversions/cmake)
[0.513s] -- Found rmw_implementation_cmake: 6.1.2 (/opt/ros/humble/share/rmw_implementation_cmake/cmake)
[0.514s] -- Found rmw_cyclonedds_cpp: 1.3.4 (/opt/ros/humble/share/rmw_cyclonedds_cpp/cmake)
[0.530s] -- Using RMW implementation 'rmw_cyclonedds_cpp' as default
[0.534s] -- Looking for pthread.h
[0.565s] -- Looking for pthread.h - found
[0.565s] -- Performing Test CMAKE_HAVE_LIBC_PTHREAD
[0.594s] -- Performing Test CMAKE_HAVE_LIBC_PTHREAD - Success
[0.595s] -- Found Threads: TRUE  
[0.729s] -- Found pcl_ros: 2.4.0 (/opt/ros/humble/share/pcl_ros/cmake)
[0.803s] -- Found eigen3_cmake_module: 0.1.1 (/opt/ros/humble/share/eigen3_cmake_module/cmake)
[0.804s] -- Found Eigen3: TRUE (found version "3.4.0") 
[0.804s] -- Ensuring Eigen3 include directory is part of orocos-kdl CMake target
[1.002s] -- Checking for module 'eigen3'
[1.008s] --   Found eigen3, version 3.4.0
[1.022s] -- Found Eigen: /usr/include/eigen3 (Required is at least version "3.1") 
[1.022s] -- Eigen found (include: /usr/include/eigen3, version: 3.4.0)
[1.039s] -- Checking for module 'flann'
[1.044s] --   Found flann, version 1.9.1
[1.063s] -- Found FLANN: /usr/lib/x86_64-linux-gnu/libflann_cpp.so  
[1.063s] -- FLANN found (include: /usr/include, lib: /usr/lib/x86_64-linux-gnu/libflann_cpp.so)
[1.470s] -- Checking for module 'libusb-1.0'
[1.476s] --   Found libusb-1.0, version 1.0.25
[1.491s] -- Found libusb: /usr/lib/x86_64-linux-gnu/libusb-1.0.so  
[1.492s] -- OpenNI found (version: 1.5.4.0, include: /usr/include/ni, lib: /usr/lib/libOpenNI.so;libusb::libusb)
[1.517s] -- OpenNI2 found (version: 2.2.0.33, include: /usr/include/openni2, lib: /usr/lib/x86_64-linux-gnu/libOpenNI2.so;libusb::libusb)
[1.597s] -- Eigen found (include: /usr/include/eigen3, version: 3.4.0)
[1.600s] -- OpenNI found (version: 1.5.4.0, include: /usr/include/ni, lib: /usr/lib/libOpenNI.so;libusb::libusb)
[1.603s] -- OpenNI2 found (version: 2.2.0.33, include: /usr/include/openni2, lib: /usr/lib/x86_64-linux-gnu/libOpenNI2.so;libusb::libusb)
[1.677s] -- Found Qhull version 8.0.2
[1.756s] -- OpenNI found (version: 1.5.4.0, include: /usr/include/ni, lib: /usr/lib/libOpenNI.so;libusb::libusb)
[1.831s] -- Found PCL_COMMON: /usr/lib/x86_64-linux-gnu/libpcl_common.so  
[1.831s] -- Found PCL_KDTREE: /usr/lib/x86_64-linux-gnu/libpcl_kdtree.so  
[1.832s] -- Found PCL_OCTREE: /usr/lib/x86_64-linux-gnu/libpcl_octree.so  
[1.832s] -- Found PCL_SEARCH: /usr/lib/x86_64-linux-gnu/libpcl_search.so  
[1.832s] -- Found PCL_SAMPLE_CONSENSUS: /usr/lib/x86_64-linux-gnu/libpcl_sample_consensus.so  
[1.833s] -- Found PCL_FILTERS: /usr/lib/x86_64-linux-gnu/libpcl_filters.so  
[1.833s] -- Found PCL_2D: /usr/include/pcl-1.12  
[1.833s] -- Found PCL_GEOMETRY: /usr/include/pcl-1.12  
[1.834s] -- Found PCL_IO: /usr/lib/x86_64-linux-gnu/libpcl_io.so  
[1.834s] -- Found PCL_FEATURES: /usr/lib/x86_64-linux-gnu/libpcl_features.so  
[1.835s] -- Found PCL_ML: /usr/lib/x86_64-linux-gnu/libpcl_ml.so  
[1.835s] -- Found PCL_SEGMENTATION: /usr/lib/x86_64-linux-gnu/libpcl_segmentation.so  
[1.836s] -- Found PCL_VISUALIZATION: /usr/lib/x86_64-linux-gnu/libpcl_visualization.so  
[1.836s] -- Found PCL_SURFACE: /usr/lib/x86_64-linux-gnu/libpcl_surface.so  
[1.836s] -- Found PCL_REGISTRATION: /usr/lib/x86_64-linux-gnu/libpcl_registration.so  
[1.837s] -- Found PCL_KEYPOINTS: /usr/lib/x86_64-linux-gnu/libpcl_keypoints.so  
[1.838s] -- Found PCL_TRACKING: /usr/lib/x86_64-linux-gnu/libpcl_tracking.so  
[1.838s] -- Found PCL_RECOGNITION: /usr/lib/x86_64-linux-gnu/libpcl_recognition.so  
[1.839s] -- Found PCL_STEREO: /usr/lib/x86_64-linux-gnu/libpcl_stereo.so  
[1.839s] -- Found PCL_APPS: /usr/lib/x86_64-linux-gnu/libpcl_apps.so  
[1.839s] -- Found PCL_IN_HAND_SCANNER: /usr/include/pcl-1.12  
[1.840s] -- Found PCL_MODELER: /usr/include/pcl-1.12  
[1.840s] -- Found PCL_POINT_CLOUD_EDITOR: /usr/include/pcl-1.12  
[1.840s] -- Found PCL_OUTOFCORE: /usr/lib/x86_64-linux-gnu/libpcl_outofcore.so  
[1.841s] -- Found PCL_PEOPLE: /usr/lib/x86_64-linux-gnu/libpcl_people.so  
[1.886s] -- Configuring done
[1.890s] -- Generating done
[1.891s] -- Build files have been written to: /home/hyunseo/human_detection_package/build/human_detection_package
[1.901s] Invoked command in '/home/hyunseo/human_detection_package/build/human_detection_package' returned '0': CMAKE_PREFIX_PATH=/opt/ros/humble /usr/bin/cmake /home/hyunseo/human_detection_package -DCMAKE_INSTALL_PREFIX=/home/hyunseo/human_detection_package/install/human_detection_package
[1.902s] Invoking command in '/home/hyunseo/human_detection_package/build/human_detection_package': CMAKE_PREFIX_PATH=/opt/ros/humble /usr/bin/cmake --build /home/hyunseo/human_detection_package/build/human_detection_package -- -j16 -l16
[1.924s] Invoked command in '/home/hyunseo/human_detection_package/build/human_detection_package' returned '0': CMAKE_PREFIX_PATH=/opt/ros/humble /usr/bin/cmake --build /home/hyunseo/human_detection_package/build/human_detection_package -- -j16 -l16
[1.945s] Invoking command in '/home/hyunseo/human_detection_package/build/human_detection_package': CMAKE_PREFIX_PATH=/opt/ros/humble /usr/bin/cmake --install /home/hyunseo/human_detection_package/build/human_detection_package
[1.948s] -- Install configuration: ""
[1.949s] -- Installing: /home/hyunseo/human_detection_package/install/human_detection_package/lib/human_detection_package/human_detection_node.py
[1.949s] -- Installing: /home/hyunseo/human_detection_package/install/human_detection_package/lib/human_detection_package/pcl_helper.py
[1.949s] -- Installing: /home/hyunseo/human_detection_package/install/human_detection_package/share/human_detection_package/launch
[1.949s] -- Installing: /home/hyunseo/human_detection_package/install/human_detection_package/share/human_detection_package/launch/velodyne_launch.py
[1.949s] -- Installing: /home/hyunseo/human_detection_package/install/human_detection_package/share/ament_index/resource_index/package_run_dependencies/human_detection_package
[1.949s] -- Installing: /home/hyunseo/human_detection_package/install/human_detection_package/share/ament_index/resource_index/parent_prefix_path/human_detection_package
[1.949s] -- Installing: /home/hyunseo/human_detection_package/install/human_detection_package/share/human_detection_package/environment/ament_prefix_path.sh
[1.949s] -- Installing: /home/hyunseo/human_detection_package/install/human_detection_package/share/human_detection_package/environment/ament_prefix_path.dsv
[1.949s] -- Installing: /home/hyunseo/human_detection_package/install/human_detection_package/share/human_detection_package/environment/path.sh
[1.949s] -- Installing: /home/hyunseo/human_detection_package/install/human_detection_package/share/human_detection_package/environment/path.dsv
[1.949s] -- Installing: /home/hyunseo/human_detection_package/install/human_detection_package/share/human_detection_package/local_setup.bash
[1.949s] -- Installing: /home/hyunseo/human_detection_package/install/human_detection_package/share/human_detection_package/local_setup.sh
[1.949s] -- Installing: /home/hyunseo/human_detection_package/install/human_detection_package/share/human_detection_package/local_setup.zsh
[1.949s] -- Installing: /home/hyunseo/human_detection_package/install/human_detection_package/share/human_detection_package/local_setup.dsv
[1.949s] -- Installing: /home/hyunseo/human_detection_package/install/human_detection_package/share/human_detection_package/package.dsv
[1.949s] -- Installing: /home/hyunseo/human_detection_package/install/human_detection_package/share/ament_index/resource_index/packages/human_detection_package
[1.950s] -- Installing: /home/hyunseo/human_detection_package/install/human_detection_package/share/human_detection_package/cmake/human_detection_packageConfig.cmake
[1.950s] -- Installing: /home/hyunseo/human_detection_package/install/human_detection_package/share/human_detection_package/cmake/human_detection_packageConfig-version.cmake
[1.950s] -- Installing: /home/hyunseo/human_detection_package/install/human_detection_package/share/human_detection_package/package.xml
[1.950s] Invoked command in '/home/hyunseo/human_detection_package/build/human_detection_package' returned '0': CMAKE_PREFIX_PATH=/opt/ros/humble /usr/bin/cmake --install /home/hyunseo/human_detection_package/build/human_detection_package
