[0.053s] DEBUG:colcon:Command line arguments: ['/usr/bin/colcon', 'build']
[0.053s] DEBUG:colcon:Parsed command line arguments: Namespace(log_base=None, log_level=None, verb_name='build', build_base='build', install_base='install', merge_install=False, symlink_install=False, test_result_base=None, continue_on_error=False, executor='parallel', parallel_workers=16, event_handlers=None, ignore_user_meta=False, metas=['./colcon.meta'], base_paths=['.'], packages_ignore=None, packages_ignore_regex=None, paths=None, packages_up_to=None, packages_up_to_regex=None, packages_above=None, packages_above_and_dependencies=None, packages_above_depth=None, packages_select_by_dep=None, packages_skip_by_dep=None, packages_skip_up_to=None, packages_select_build_failed=False, packages_skip_build_finished=False, packages_select_test_failures=False, packages_skip_test_passed=False, packages_select=None, packages_skip=None, packages_select_regex=None, packages_skip_regex=None, packages_start=None, packages_end=None, allow_overriding=[], cmake_args=None, cmake_target=None, cmake_target_skip_unavailable=False, cmake_clean_cache=False, cmake_clean_first=False, cmake_force_configure=False, ament_cmake_args=None, catkin_cmake_args=None, catkin_skip_building_tests=False, mixin_files=None, mixin=None, verb_parser=<colcon_mixin.mixin.mixin_argument.MixinArgumentDecorator object at 0x7788112abd60>, verb_extension=<colcon_core.verb.build.BuildVerb object at 0x7788114786d0>, main=<bound method BuildVerb.main of <colcon_core.verb.build.BuildVerb object at 0x7788114786d0>>, mixin_verb=('build',))
[0.152s] Level 1:colcon.colcon_core.package_discovery:discover_packages(colcon_meta) check parameters
[0.152s] Level 1:colcon.colcon_core.package_discovery:discover_packages(recursive) check parameters
[0.152s] Level 1:colcon.colcon_core.package_discovery:discover_packages(ignore) check parameters
[0.152s] Level 1:colcon.colcon_core.package_discovery:discover_packages(path) check parameters
[0.152s] Level 1:colcon.colcon_core.package_discovery:discover_packages(colcon_meta) discover
[0.152s] Level 1:colcon.colcon_core.package_discovery:discover_packages(recursive) discover
[0.152s] INFO:colcon.colcon_core.package_discovery:Crawling recursively for packages in '/home/hyunseo/human_detection_package'
[0.152s] Level 1:colcon.colcon_core.package_identification:_identify(.) by extensions ['ignore', 'ignore_ament_install']
[0.152s] Level 1:colcon.colcon_core.package_identification:_identify(.) by extension 'ignore'
[0.152s] Level 1:colcon.colcon_core.package_identification:_identify(.) by extension 'ignore_ament_install'
[0.152s] Level 1:colcon.colcon_core.package_identification:_identify(.) by extensions ['colcon_pkg']
[0.152s] Level 1:colcon.colcon_core.package_identification:_identify(.) by extension 'colcon_pkg'
[0.152s] Level 1:colcon.colcon_core.package_identification:_identify(.) by extensions ['colcon_meta']
[0.152s] Level 1:colcon.colcon_core.package_identification:_identify(.) by extension 'colcon_meta'
[0.152s] Level 1:colcon.colcon_core.package_identification:_identify(.) by extensions ['ros']
[0.152s] Level 1:colcon.colcon_core.package_identification:_identify(.) by extension 'ros'
[0.164s] DEBUG:colcon.colcon_core.package_identification:Package '.' with type 'ros.ament_cmake' and name 'human_detection_package'
[0.164s] Level 1:colcon.colcon_core.package_discovery:discover_packages(recursive) using defaults
[0.164s] Level 1:colcon.colcon_core.package_discovery:discover_packages(ignore) discover
[0.164s] Level 1:colcon.colcon_core.package_discovery:discover_packages(ignore) using defaults
[0.164s] Level 1:colcon.colcon_core.package_discovery:discover_packages(path) discover
[0.164s] Level 1:colcon.colcon_core.package_discovery:discover_packages(path) using defaults
[0.174s] Level 1:colcon.colcon_core.package_discovery:discover_packages(prefix_path) check parameters
[0.174s] Level 1:colcon.colcon_core.package_discovery:discover_packages(prefix_path) discover
[0.175s] DEBUG:colcon.colcon_installed_package_information.package_discovery:Found 345 installed packages in /opt/ros/humble
[0.176s] Level 1:colcon.colcon_core.package_discovery:discover_packages(prefix_path) using defaults
[0.197s] Level 5:colcon.colcon_core.verb:set package 'human_detection_package' build argument 'cmake_args' from command line to 'None'
[0.197s] Level 5:colcon.colcon_core.verb:set package 'human_detection_package' build argument 'cmake_target' from command line to 'None'
[0.197s] Level 5:colcon.colcon_core.verb:set package 'human_detection_package' build argument 'cmake_target_skip_unavailable' from command line to 'False'
[0.197s] Level 5:colcon.colcon_core.verb:set package 'human_detection_package' build argument 'cmake_clean_cache' from command line to 'False'
[0.197s] Level 5:colcon.colcon_core.verb:set package 'human_detection_package' build argument 'cmake_clean_first' from command line to 'False'
[0.197s] Level 5:colcon.colcon_core.verb:set package 'human_detection_package' build argument 'cmake_force_configure' from command line to 'False'
[0.197s] Level 5:colcon.colcon_core.verb:set package 'human_detection_package' build argument 'ament_cmake_args' from command line to 'None'
[0.197s] Level 5:colcon.colcon_core.verb:set package 'human_detection_package' build argument 'catkin_cmake_args' from command line to 'None'
[0.197s] Level 5:colcon.colcon_core.verb:set package 'human_detection_package' build argument 'catkin_skip_building_tests' from command line to 'False'
[0.197s] DEBUG:colcon.colcon_core.verb:Building package 'human_detection_package' with the following arguments: {'ament_cmake_args': None, 'build_base': '/home/hyunseo/human_detection_package/build/human_detection_package', 'catkin_cmake_args': None, 'catkin_skip_building_tests': False, 'cmake_args': None, 'cmake_clean_cache': False, 'cmake_clean_first': False, 'cmake_force_configure': False, 'cmake_target': None, 'cmake_target_skip_unavailable': False, 'install_base': '/home/hyunseo/human_detection_package/install/human_detection_package', 'merge_install': False, 'path': '/home/hyunseo/human_detection_package', 'symlink_install': False, 'test_result_base': None}
[0.197s] INFO:colcon.colcon_core.executor:Executing jobs using 'parallel' executor
[0.198s] DEBUG:colcon.colcon_parallel_executor.executor.parallel:run_until_complete
[0.198s] INFO:colcon.colcon_ros.task.ament_cmake.build:Building ROS package in '/home/hyunseo/human_detection_package' with build type 'ament_cmake'
[0.198s] INFO:colcon.colcon_cmake.task.cmake.build:Building CMake package in '/home/hyunseo/human_detection_package'
[0.199s] INFO:colcon.colcon_core.plugin_system:Skipping extension 'colcon_core.shell.bat': Not used on non-Windows systems
[0.200s] INFO:colcon.colcon_core.shell:Skip shell extension 'powershell' for command environment: Not usable outside of PowerShell
[0.200s] DEBUG:colcon.colcon_core.shell:Skip shell extension 'dsv' for command environment
[0.204s] DEBUG:colcon.colcon_core.event_handler.log_command:Invoking command in '/home/hyunseo/human_detection_package/build/human_detection_package': CMAKE_PREFIX_PATH=/opt/ros/humble /usr/bin/cmake /home/hyunseo/human_detection_package -DCMAKE_INSTALL_PREFIX=/home/hyunseo/human_detection_package/install/human_detection_package
[2.100s] DEBUG:colcon.colcon_core.event_handler.log_command:Invoked command in '/home/hyunseo/human_detection_package/build/human_detection_package' returned '0': CMAKE_PREFIX_PATH=/opt/ros/humble /usr/bin/cmake /home/hyunseo/human_detection_package -DCMAKE_INSTALL_PREFIX=/home/hyunseo/human_detection_package/install/human_detection_package
[2.101s] DEBUG:colcon.colcon_core.event_handler.log_command:Invoking command in '/home/hyunseo/human_detection_package/build/human_detection_package': CMAKE_PREFIX_PATH=/opt/ros/humble /usr/bin/cmake --build /home/hyunseo/human_detection_package/build/human_detection_package -- -j16 -l16
[2.122s] DEBUG:colcon.colcon_core.event_handler.log_command:Invoked command in '/home/hyunseo/human_detection_package/build/human_detection_package' returned '0': CMAKE_PREFIX_PATH=/opt/ros/humble /usr/bin/cmake --build /home/hyunseo/human_detection_package/build/human_detection_package -- -j16 -l16
[2.144s] DEBUG:colcon.colcon_core.event_handler.log_command:Invoking command in '/home/hyunseo/human_detection_package/build/human_detection_package': CMAKE_PREFIX_PATH=/opt/ros/humble /usr/bin/cmake --install /home/hyunseo/human_detection_package/build/human_detection_package
[2.149s] Level 1:colcon.colcon_core.environment:create_environment_scripts_only(human_detection_package)
[2.149s] DEBUG:colcon.colcon_core.event_handler.log_command:Invoked command in '/home/hyunseo/human_detection_package/build/human_detection_package' returned '0': CMAKE_PREFIX_PATH=/opt/ros/humble /usr/bin/cmake --install /home/hyunseo/human_detection_package/build/human_detection_package
[2.151s] Level 1:colcon.colcon_core.environment:checking '/home/hyunseo/human_detection_package/install/human_detection_package' for CMake module files
[2.151s] Level 1:colcon.colcon_core.environment:checking '/home/hyunseo/human_detection_package/install/human_detection_package' for CMake config files
[2.151s] Level 1:colcon.colcon_core.shell:create_environment_hook('human_detection_package', 'cmake_prefix_path')
[2.152s] INFO:colcon.colcon_core.shell:Creating environment hook '/home/hyunseo/human_detection_package/install/human_detection_package/share/human_detection_package/hook/cmake_prefix_path.ps1'
[2.152s] INFO:colcon.colcon_core.shell:Creating environment descriptor '/home/hyunseo/human_detection_package/install/human_detection_package/share/human_detection_package/hook/cmake_prefix_path.dsv'
[2.153s] INFO:colcon.colcon_core.shell:Creating environment hook '/home/hyunseo/human_detection_package/install/human_detection_package/share/human_detection_package/hook/cmake_prefix_path.sh'
[2.155s] Level 1:colcon.colcon_core.environment:checking '/home/hyunseo/human_detection_package/install/human_detection_package/lib'
[2.155s] Level 1:colcon.colcon_core.environment:checking '/home/hyunseo/human_detection_package/install/human_detection_package/bin'
[2.156s] Level 1:colcon.colcon_core.environment:checking '/home/hyunseo/human_detection_package/install/human_detection_package/lib/pkgconfig/human_detection_package.pc'
[2.156s] Level 1:colcon.colcon_core.environment:checking '/home/hyunseo/human_detection_package/install/human_detection_package/lib/python3.10/site-packages'
[2.156s] Level 1:colcon.colcon_core.environment:checking '/home/hyunseo/human_detection_package/install/human_detection_package/bin'
[2.157s] INFO:colcon.colcon_core.shell:Creating package script '/home/hyunseo/human_detection_package/install/human_detection_package/share/human_detection_package/package.ps1'
[2.159s] INFO:colcon.colcon_core.shell:Creating package descriptor '/home/hyunseo/human_detection_package/install/human_detection_package/share/human_detection_package/package.dsv'
[2.159s] INFO:colcon.colcon_core.shell:Creating package script '/home/hyunseo/human_detection_package/install/human_detection_package/share/human_detection_package/package.sh'
[2.161s] INFO:colcon.colcon_core.shell:Creating package script '/home/hyunseo/human_detection_package/install/human_detection_package/share/human_detection_package/package.bash'
[2.163s] INFO:colcon.colcon_core.shell:Creating package script '/home/hyunseo/human_detection_package/install/human_detection_package/share/human_detection_package/package.zsh'
[2.164s] Level 1:colcon.colcon_core.environment:create_file_with_runtime_dependencies(/home/hyunseo/human_detection_package/install/human_detection_package/share/colcon-core/packages/human_detection_package)
[2.186s] Level 1:colcon.colcon_core.environment:create_environment_scripts_only(human_detection_package)
[2.189s] Level 1:colcon.colcon_core.environment:checking '/home/hyunseo/human_detection_package/install/human_detection_package' for CMake module files
[2.189s] Level 1:colcon.colcon_core.environment:checking '/home/hyunseo/human_detection_package/install/human_detection_package' for CMake config files
[2.190s] Level 1:colcon.colcon_core.shell:create_environment_hook('human_detection_package', 'cmake_prefix_path')
[2.190s] INFO:colcon.colcon_core.shell:Creating environment hook '/home/hyunseo/human_detection_package/install/human_detection_package/share/human_detection_package/hook/cmake_prefix_path.ps1'
[2.190s] INFO:colcon.colcon_core.shell:Creating environment descriptor '/home/hyunseo/human_detection_package/install/human_detection_package/share/human_detection_package/hook/cmake_prefix_path.dsv'
[2.190s] INFO:colcon.colcon_core.shell:Creating environment hook '/home/hyunseo/human_detection_package/install/human_detection_package/share/human_detection_package/hook/cmake_prefix_path.sh'
[2.190s] Level 1:colcon.colcon_core.environment:checking '/home/hyunseo/human_detection_package/install/human_detection_package/lib'
[2.190s] Level 1:colcon.colcon_core.environment:checking '/home/hyunseo/human_detection_package/install/human_detection_package/bin'
[2.190s] Level 1:colcon.colcon_core.environment:checking '/home/hyunseo/human_detection_package/install/human_detection_package/lib/pkgconfig/human_detection_package.pc'
[2.190s] Level 1:colcon.colcon_core.environment:checking '/home/hyunseo/human_detection_package/install/human_detection_package/lib/python3.10/site-packages'
[2.191s] Level 1:colcon.colcon_core.environment:checking '/home/hyunseo/human_detection_package/install/human_detection_package/bin'
[2.191s] INFO:colcon.colcon_core.shell:Creating package script '/home/hyunseo/human_detection_package/install/human_detection_package/share/human_detection_package/package.ps1'
[2.191s] INFO:colcon.colcon_core.shell:Creating package descriptor '/home/hyunseo/human_detection_package/install/human_detection_package/share/human_detection_package/package.dsv'
[2.191s] INFO:colcon.colcon_core.shell:Creating package script '/home/hyunseo/human_detection_package/install/human_detection_package/share/human_detection_package/package.sh'
[2.191s] INFO:colcon.colcon_core.shell:Creating package script '/home/hyunseo/human_detection_package/install/human_detection_package/share/human_detection_package/package.bash'
[2.191s] INFO:colcon.colcon_core.shell:Creating package script '/home/hyunseo/human_detection_package/install/human_detection_package/share/human_detection_package/package.zsh'
[2.191s] Level 1:colcon.colcon_core.environment:create_file_with_runtime_dependencies(/home/hyunseo/human_detection_package/install/human_detection_package/share/colcon-core/packages/human_detection_package)
[2.192s] DEBUG:colcon.colcon_parallel_executor.executor.parallel:closing loop
[2.192s] DEBUG:colcon.colcon_parallel_executor.executor.parallel:loop closed
[2.192s] DEBUG:colcon.colcon_parallel_executor.executor.parallel:run_until_complete finished with '0'
[2.192s] DEBUG:colcon.colcon_core.event_reactor:joining thread
[2.196s] INFO:colcon.colcon_core.plugin_system:Skipping extension 'colcon_notification.desktop_notification.terminal_notifier': Not used on non-Darwin systems
[2.196s] INFO:colcon.colcon_core.plugin_system:Skipping extension 'colcon_notification.desktop_notification.win32': Not used on non-Windows systems
[2.196s] INFO:colcon.colcon_notification.desktop_notification:Sending desktop notification using 'notify2'
[2.208s] DEBUG:colcon.colcon_core.event_reactor:joined thread
[2.208s] INFO:colcon.colcon_core.shell:Creating prefix script '/home/hyunseo/human_detection_package/install/local_setup.ps1'
[2.209s] INFO:colcon.colcon_core.shell:Creating prefix util module '/home/hyunseo/human_detection_package/install/_local_setup_util_ps1.py'
[2.209s] INFO:colcon.colcon_core.shell:Creating prefix chain script '/home/hyunseo/human_detection_package/install/setup.ps1'
[2.212s] INFO:colcon.colcon_core.shell:Creating prefix script '/home/hyunseo/human_detection_package/install/local_setup.sh'
[2.212s] INFO:colcon.colcon_core.shell:Creating prefix util module '/home/hyunseo/human_detection_package/install/_local_setup_util_sh.py'
[2.212s] INFO:colcon.colcon_core.shell:Creating prefix chain script '/home/hyunseo/human_detection_package/install/setup.sh'
[2.213s] INFO:colcon.colcon_core.shell:Creating prefix script '/home/hyunseo/human_detection_package/install/local_setup.bash'
[2.213s] INFO:colcon.colcon_core.shell:Creating prefix chain script '/home/hyunseo/human_detection_package/install/setup.bash'
[2.213s] INFO:colcon.colcon_core.shell:Creating prefix script '/home/hyunseo/human_detection_package/install/local_setup.zsh'
[2.214s] INFO:colcon.colcon_core.shell:Creating prefix chain script '/home/hyunseo/human_detection_package/install/setup.zsh'
