-- Install configuration: ""
-- Installing: /home/hyunseo/human_detection_package/install/human_detection_package/lib/human_detection_package/human_detection_node.py
-- Up-to-date: /home/hyunseo/human_detection_package/install/human_detection_package/lib/human_detection_package/pcl_helper.py
-- Up-to-date: /home/hyunseo/human_detection_package/install/human_detection_package/share/human_detection_package/launch
-- Up-to-date: /home/hyunseo/human_detection_package/install/human_detection_package/share/human_detection_package/launch/velodyne_launch.py
-- Up-to-date: /home/hyunseo/human_detection_package/install/human_detection_package/share/ament_index/resource_index/package_run_dependencies/human_detection_package
-- Up-to-date: /home/hyunseo/human_detection_package/install/human_detection_package/share/ament_index/resource_index/parent_prefix_path/human_detection_package
-- Up-to-date: /home/hyunseo/human_detection_package/install/human_detection_package/share/human_detection_package/environment/ament_prefix_path.sh
-- Up-to-date: /home/hyunseo/human_detection_package/install/human_detection_package/share/human_detection_package/environment/ament_prefix_path.dsv
-- Up-to-date: /home/hyunseo/human_detection_package/install/human_detection_package/share/human_detection_package/environment/path.sh
-- Up-to-date: /home/hyunseo/human_detection_package/install/human_detection_package/share/human_detection_package/environment/path.dsv
-- Up-to-date: /home/hyunseo/human_detection_package/install/human_detection_package/share/human_detection_package/local_setup.bash
-- Up-to-date: /home/hyunseo/human_detection_package/install/human_detection_package/share/human_detection_package/local_setup.sh
-- Up-to-date: /home/hyunseo/human_detection_package/install/human_detection_package/share/human_detection_package/local_setup.zsh
-- Up-to-date: /home/hyunseo/human_detection_package/install/human_detection_package/share/human_detection_package/local_setup.dsv
-- Up-to-date: /home/hyunseo/human_detection_package/install/human_detection_package/share/human_detection_package/package.dsv
-- Up-to-date: /home/hyunseo/human_detection_package/install/human_detection_package/share/ament_index/resource_index/packages/human_detection_package
-- Up-to-date: /home/hyunseo/human_detection_package/install/human_detection_package/share/human_detection_package/cmake/human_detection_packageConfig.cmake
-- Up-to-date: /home/hyunseo/human_detection_package/install/human_detection_package/share/human_detection_package/cmake/human_detection_packageConfig-version.cmake
-- Up-to-date: /home/hyunseo/human_detection_package/install/human_detection_package/share/human_detection_package/package.xml
