[0.007s] Invoking command in '/home/hyunseo/human_detection_package/build/human_detection_package': CMAKE_PREFIX_PATH=${CMAKE_PREFIX_PATH}:/opt/ros/humble /usr/bin/cmake --build /home/hyunseo/human_detection_package/build/human_detection_package -- -j16 -l16
[0.030s] Invoked command in '/home/hyunseo/human_detection_package/build/human_detection_package' returned '0': CMAKE_PREFIX_PATH=${CMAKE_PREFIX_PATH}:/opt/ros/humble /usr/bin/cmake --build /home/hyunseo/human_detection_package/build/human_detection_package -- -j16 -l16
[0.046s] Invoking command in '/home/hyunseo/human_detection_package/build/human_detection_package': CMAKE_PREFIX_PATH=${CMAKE_PREFIX_PATH}:/opt/ros/humble /usr/bin/cmake --install /home/hyunseo/human_detection_package/build/human_detection_package
[0.050s] -- Install configuration: ""
[0.050s] -- Up-to-date: /home/hyunseo/human_detection_package/install/human_detection_package/lib/human_detection_package/human_detection_node.py
[0.050s] -- Up-to-date: /home/hyunseo/human_detection_package/install/human_detection_package/lib/human_detection_package/pcl_helper.py
[0.050s] -- Up-to-date: /home/hyunseo/human_detection_package/install/human_detection_package/share/human_detection_package/launch
[0.050s] -- Up-to-date: /home/hyunseo/human_detection_package/install/human_detection_package/share/human_detection_package/launch/velodyne_launch.py
[0.050s] -- Up-to-date: /home/hyunseo/human_detection_package/install/human_detection_package/share/ament_index/resource_index/package_run_dependencies/human_detection_package
[0.050s] -- Up-to-date: /home/hyunseo/human_detection_package/install/human_detection_package/share/ament_index/resource_index/parent_prefix_path/human_detection_package
[0.050s] -- Up-to-date: /home/hyunseo/human_detection_package/install/human_detection_package/share/human_detection_package/environment/ament_prefix_path.sh
[0.050s] -- Up-to-date: /home/hyunseo/human_detection_package/install/human_detection_package/share/human_detection_package/environment/ament_prefix_path.dsv
[0.050s] -- Up-to-date: /home/hyunseo/human_detection_package/install/human_detection_package/share/human_detection_package/environment/path.sh
[0.050s] -- Up-to-date: /home/hyunseo/human_detection_package/install/human_detection_package/share/human_detection_package/environment/path.dsv
[0.051s] -- Up-to-date: /home/hyunseo/human_detection_package/install/human_detection_package/share/human_detection_package/local_setup.bash
[0.051s] -- Up-to-date: /home/hyunseo/human_detection_package/install/human_detection_package/share/human_detection_package/local_setup.sh
[0.051s] -- Up-to-date: /home/hyunseo/human_detection_package/install/human_detection_package/share/human_detection_package/local_setup.zsh
[0.051s] -- Up-to-date: /home/hyunseo/human_detection_package/install/human_detection_package/share/human_detection_package/local_setup.dsv
[0.051s] -- Installing: /home/hyunseo/human_detection_package/install/human_detection_package/share/human_detection_package/package.dsv
[0.051s] -- Up-to-date: /home/hyunseo/human_detection_package/install/human_detection_package/share/ament_index/resource_index/packages/human_detection_package
[0.051s] -- Up-to-date: /home/hyunseo/human_detection_package/install/human_detection_package/share/human_detection_package/cmake/human_detection_packageConfig.cmake
[0.051s] -- Up-to-date: /home/hyunseo/human_detection_package/install/human_detection_package/share/human_detection_package/cmake/human_detection_packageConfig-version.cmake
[0.051s] -- Up-to-date: /home/hyunseo/human_detection_package/install/human_detection_package/share/human_detection_package/package.xml
[0.051s] Invoked command in '/home/hyunseo/human_detection_package/build/human_detection_package' returned '0': CMAKE_PREFIX_PATH=${CMAKE_PREFIX_PATH}:/opt/ros/humble /usr/bin/cmake --install /home/hyunseo/human_detection_package/build/human_detection_package
